-------------------------------------------------------------------------------
Test set: com.qa.runners.TestRunner
-------------------------------------------------------------------------------
Tests run: 3, Failures: 0, Errors: 2, Skipped: 0, Time elapsed: 60.739 s <<< FAILURE! - in com.qa.runners.TestRunner
Sauce Demo Login.empty password  Time elapsed: 11.51 s  <<< ERROR!
io.cucumber.junit.UndefinedStepException: 
The step 'user enters valid username' and 3 other step(s) are undefined.
You can implement these steps using the snippet(s) below:

@When("user enters valid username")
public void user_enters_valid_username() {
    // Write code here that turns the phrase above into concrete actions
    throw new io.cucumber.java.PendingException();
}
@When("user leaves password empty")
public void user_leaves_password_empty() {
    // Write code here that turns the phrase above into concrete actions
    throw new io.cucumber.java.PendingException();
}
@When("click on login button")
public void click_on_login_button() {
    // Write code here that turns the phrase above into concrete actions
    throw new io.cucumber.java.PendingException();
}
@Then("I validate that {string} message is displayed")
public void i_validate_that_message_is_displayed(String string) {
    // Write code here that turns the phrase above into concrete actions
    throw new io.cucumber.java.PendingException();
}


Sauce Demo Login.invalid login  Time elapsed: 15.409 s  <<< ERROR!
io.cucumber.junit.UndefinedStepException: 
The step 'user enters invalid username as "random_username"' and 3 other step(s) are undefined.
You can implement these steps using the snippet(s) below:

@When("user enters invalid username as {string}")
public void user_enters_invalid_username_as(String string) {
    // Write code here that turns the phrase above into concrete actions
    throw new io.cucumber.java.PendingException();
}
@When("user enters invalid password as {string}")
public void user_enters_invalid_password_as(String string) {
    // Write code here that turns the phrase above into concrete actions
    throw new io.cucumber.java.PendingException();
}
@When("click on login button")
public void click_on_login_button() {
    // Write code here that turns the phrase above into concrete actions
    throw new io.cucumber.java.PendingException();
}
@Then("I validate that {string} message is displayed")
public void i_validate_that_message_is_displayed(String string) {
    // Write code here that turns the phrase above into concrete actions
    throw new io.cucumber.java.PendingException();
}


